[33mWARNING[0m:  [18-10-2024 23:10:42] chroma_server_nofile is set to 65535, but this is less than current soft limit of 1048575. chroma_server_nofile will not be set.
[32mINFO[0m:     [18-10-2024 23:10:42] Anonymized telemetry enabled. See                     https://docs.trychroma.com/telemetry for more information.
[36mDEBUG[0m:    [18-10-2024 23:10:42] Starting component System
[36mDEBUG[0m:    [18-10-2024 23:10:42] Starting component OpenTelemetryClient
[36mDEBUG[0m:    [18-10-2024 23:10:42] Starting component SqliteDB
[36mDEBUG[0m:    [18-10-2024 23:10:42] Starting component QuotaEnforcer
[36mDEBUG[0m:    [18-10-2024 23:10:42] Starting component Posthog
[36mDEBUG[0m:    [18-10-2024 23:10:42] Starting component SimpleRateLimitEnforcer
[36mDEBUG[0m:    [18-10-2024 23:10:42] Starting component LocalSegmentManager
[36mDEBUG[0m:    [18-10-2024 23:10:42] Starting component LocalExecutor
[36mDEBUG[0m:    [18-10-2024 23:10:42] Starting component SegmentAPI
[32mINFO[0m:     [18-10-2024 23:10:42] Started server process [[36m64034[0m]
[32mINFO[0m:     [18-10-2024 23:10:42] Waiting for application startup.
[32mINFO[0m:     [18-10-2024 23:10:42] Application startup complete.
[32mINFO[0m:     [18-10-2024 23:10:43] Uvicorn running on [1mhttp://localhost:8000[0m (Press CTRL+C to quit)
[32mINFO[0m:     [18-10-2024 23:21:16] Shutting down
[32mINFO[0m:     [18-10-2024 23:21:16] Waiting for application shutdown.
[36mDEBUG[0m:    [18-10-2024 23:21:16] Stopping component System
[36mDEBUG[0m:    [18-10-2024 23:21:16] Stopping component SegmentAPI
[36mDEBUG[0m:    [18-10-2024 23:21:16] Stopping component LocalExecutor
[36mDEBUG[0m:    [18-10-2024 23:21:16] Stopping component LocalSegmentManager
[36mDEBUG[0m:    [18-10-2024 23:21:16] Stopping component SimpleRateLimitEnforcer
[36mDEBUG[0m:    [18-10-2024 23:21:16] Stopping component Posthog
[36mDEBUG[0m:    [18-10-2024 23:21:16] Stopping component QuotaEnforcer
[36mDEBUG[0m:    [18-10-2024 23:21:16] Stopping component SqliteDB
[36mDEBUG[0m:    [18-10-2024 23:21:16] Stopping component OpenTelemetryClient
[32mINFO[0m:     [18-10-2024 23:21:16] Application shutdown complete.
[32mINFO[0m:     [18-10-2024 23:21:16] Finished server process [[36m64034[0m]
[33mWARNING[0m:  [19-10-2024 00:21:32] chroma_server_nofile is set to 65535, but this is less than current soft limit of 1048575. chroma_server_nofile will not be set.
[32mINFO[0m:     [19-10-2024 00:21:32] Anonymized telemetry enabled. See                     https://docs.trychroma.com/telemetry for more information.
[36mDEBUG[0m:    [19-10-2024 00:21:32] Starting component System
[36mDEBUG[0m:    [19-10-2024 00:21:32] Starting component OpenTelemetryClient
[36mDEBUG[0m:    [19-10-2024 00:21:32] Starting component SqliteDB
[36mDEBUG[0m:    [19-10-2024 00:21:32] Starting component QuotaEnforcer
[36mDEBUG[0m:    [19-10-2024 00:21:32] Starting component Posthog
[36mDEBUG[0m:    [19-10-2024 00:21:32] Starting component SimpleRateLimitEnforcer
[36mDEBUG[0m:    [19-10-2024 00:21:32] Starting component LocalSegmentManager
[36mDEBUG[0m:    [19-10-2024 00:21:32] Starting component LocalExecutor
[36mDEBUG[0m:    [19-10-2024 00:21:32] Starting component SegmentAPI
[32mINFO[0m:     [19-10-2024 00:21:32] Started server process [[36m24934[0m]
[32mINFO[0m:     [19-10-2024 00:21:32] Waiting for application startup.
[32mINFO[0m:     [19-10-2024 00:21:32] Application startup complete.
[32mINFO[0m:     [19-10-2024 00:21:32] Uvicorn running on [1mhttp://localhost:8000[0m (Press CTRL+C to quit)
